[2024-12-23 11:36:10] Good morning, How can I assist you?
[2024-12-23 11:36:21] Hello there, good morning! How can I help you today?
[2024-12-23 11:36:36] Good Morning Sir, Have a wonderful day ahead! How can I assist you?
[2024-12-23 11:37:01] Hello, good day! How can I assist you all?
[2024-12-23 11:37:29] Hello there, How can I assist you at this time of day?
[2024-12-23 11:37:50] Good Morning, How can I assist you today?
[2024-12-23 12:08:12] Good afternoon, How can I assist you?
[2024-12-23 12:08:25] Hello there, how can I assist you today?
[2024-12-23 14:51:03] Good afternoon! How can I assist you today?
[2024-12-23 14:51:30] Good afternoon! How can I assist you today?
[2024-12-23 14:52:28] Good afternoon, Sir, how can I assist you today?
[2024-12-23 14:52:43] Good afternoon! How can I assist you today?
[2024-12-23 14:52:56] Good afternoon, Sir, how may I assist you today?
[2024-12-23 14:53:06] Good afternoon! How can I assist you today?
[2024-12-23 14:56:17] Good afternoon, how can I assist you today?
[2024-12-23 14:56:38] Good afternoon, Sirs, how can I assist you all today?
[2024-12-23 14:56:51] Good afternoon, Sir. How can I assist you today?
[2024-12-23 14:57:14] Good afternoon, Sir, how can I assist you today?
[2024-12-23 14:59:01] Good afternoon Sir, how can I assist you today?
[2024-12-23 15:04:43] Good afternoon! How can I assist you all today?
[2024-12-23 15:05:04] Good afternoon sir, how can I assist you today?
[2024-12-23 15:05:58] Good afternoon! Hello everyone, how can I assist you all today?
[2024-12-23 15:07:02] Good afternoon Sir, how can I assist you today?
[2024-12-23 15:07:22] Good afternoon, sir! How can I assist you today? Hope you're having a fantastic day!
